[portfoliovieira.webflow.io/index.html]
[backblue.gif]
[fade.gif]
[index.html]
[uploads-ssl.webflow.com/60d0df267470995500edf7e3/css/portfoliovieira.webflow.1b665145b.css]
[ajax.googleapis.com/ajax/libs/webfont/1.6.26/webfont.js]
[uploads-ssl.webflow.com/60d0df267470995500edf7e3/60d0df27747099eaf2edf849_n.png]
[uploads-ssl.webflow.com/60d0df267470995500edf7e3/60d0df277470998b37edf84a_webclip.jpg]
[portfoliovieira.webflow.io/concept-2.html]
[portfoliovieira.webflow.io/concept-3.html]
[uploads-ssl.webflow.com/60d0df267470995500edf7e3/60d0df277470997850edf852_t1.jpg]
[uploads-ssl.webflow.com/60d0df267470995500edf7e3/60d0df277470996cafedf853_t2.jpg]
[d3e54v103j8qbb.cloudfront.net/js/jquery-3.5.1.min.dc5e7f18c83cc2.js]
[portfoliovieira.webflow.io/index.html]
[uploads-ssl.webflow.com/60d0df267470995500edf7e3/js/webflow.aee5649eb.js]
[uploads-ssl.webflow.com/60d0df267470995500edf7e3/60d0df27747099382bedf807_body-bg.jpg]
[uploads-ssl.webflow.com/60d0df267470995500edf7e3/60d0df2774709907beedf803_shape-1.png]
[uploads-ssl.webflow.com/60d0df267470995500edf7e3/60d0df27747099088bedf810_semi-cirlce.png]
[uploads-ssl.webflow.com/60d0df267470995500edf7e3/60d0df2774709953b5edf805_shape-3.png]
[uploads-ssl.webflow.com/60d0df267470995500edf7e3/60d0df2774709907f6edf81e_bg-2.jpg]
[uploads-ssl.webflow.com/60d0df267470995500edf7e3/60d0df277470993c71edf812_bc1.jpg]
[uploads-ssl.webflow.com/60d0df267470995500edf7e3/60d0df277470990d16edf851_Niika_bg_img_2.jpg]
[uploads-ssl.webflow.com/60d0df267470995500edf7e3/60d0df27747099380cedf84f_Niika_bg_img.jpg]
[uploads-ssl.webflow.com/60d0df267470995500edf7e3/60d0df277470997282edf850_Cards_mockup.jpg]
[uploads-ssl.webflow.com/60d0df267470995500edf7e3/60d0df277470995872edf856_stationary-mock.jpg]
[uploads-ssl.webflow.com/60d0df267470995500edf7e3/60d0df277470994756edf855_Web-mock.jpg]
[uploads-ssl.webflow.com/60d0df267470995500edf7e3/60d0df27747099be86edf845_cards-2.jpg]
[uploads-ssl.webflow.com/60d0df267470995500edf7e3/60d0df27747099d4f4edf848_stationary-2.jpg]
[uploads-ssl.webflow.com/60d0df267470995500edf7e3/60d0df277470995bc3edf844_house-2.jpg]
[uploads-ssl.webflow.com/60d0df267470995500edf7e3/60d0df277470998237edf846_cards-3.jpg]
[uploads-ssl.webflow.com/60d0df267470995500edf7e3/60d0df2774709978c8edf847_stationary-3.jpg]
[uploads-ssl.webflow.com/60d0df267470995500edf7e3/60d0df2774709904f4edf843_house-3.jpg]
[uploads-ssl.webflow.com/60d0df267470995500edf7e3/60d0df2774709973bbedf857_dot-line.png]
[uploads-ssl.webflow.com/60d0df267470995500edf7e3/60d0df27747099ef95edf858_line.png]
[uploads-ssl.webflow.com/60d0df267470995500edf7e3/css/portfoliovieira.webflow.1b665145b.css]
[portfoliovieira.webflow.io/concept-2.html]
[portfoliovieira.webflow.io/concept-3.html]
